# JRE version: Java(TM) SE Runtime Environment (20.0.1+9) (build 20.0.1+9-29)
# Java VM: Java HotSpot(TM) 64-Bit Server VM (20.0.1+9-29, mixed mode, sharing, tiered, compressed oops, compressed class ptrs, g1 gc, windows-amd64)
GC Precious Log:
 CardTable entry size: 512
 Card Set container configuration: InlinePtr #cards 5 size 8 Array Of Cards #cards 12 size 40 Howl #buckets 4 coarsen threshold 1843 Howl Bitmap #cards 512 size 80 coarsen threshold 460 Card regions per heap region 1 cards per card region 2048
 CPUs: 12 total, 12 available
 Memory: 6005M
 Large Page Support: Disabled
 NUMA Support: Disabled
 Compressed Oops: Enabled (32-bit)
 Heap Region Size: 1M
 Heap Min Capacity: 8M
 Heap Initial Capacity: 94M
 Heap Max Capacity: 1502M
 Pre-touch: Disabled
 Parallel Workers: 10
 Concurrent Workers: 3
 Concurrent Refinement Workers: 10
 Periodic GC: Disabled
Heap:
 garbage-first heap   total 72704K, used 63287K [0x00000000a2200000, 0x0000000100000000)
  region size 1024K, 44 young (45056K), 5 survivors (5120K)
 Metaspace       used 59874K, committed 60608K, reserved 1114112K
  class space    used 7538K, committed 7872K, reserved 1048576K
GC Heap History (20 events):
Event: 3.629 GC heap after
{Heap after GC invocations=9 (full 0):
 garbage-first heap   total 60416K, used 18031K [0x00000000a2200000, 0x0000000100000000)
  region size 1024K, 4 young (4096K), 4 survivors (4096K)
 Metaspace       used 29673K, committed 30144K, reserved 1114112K
  class space    used 3594K, committed 3840K, reserved 1048576K
}
Event: 4.038 GC heap before
{Heap before GC invocations=9 (full 0):
 garbage-first heap   total 60416K, used 49775K [0x00000000a2200000, 0x0000000100000000)
  region size 1024K, 35 young (35840K), 4 survivors (4096K)
 Metaspace       used 33109K, committed 33728K, reserved 1114112K
  class space    used 3996K, committed 4288K, reserved 1048576K
}
Event: 4.042 GC heap after
{Heap after GC invocations=10 (full 0):
 garbage-first heap   total 60416K, used 19668K [0x00000000a2200000, 0x0000000100000000)
  region size 1024K, 4 young (4096K), 4 survivors (4096K)
 Metaspace       used 33109K, committed 33728K, reserved 1114112K
  class space    used 3996K, committed 4288K, reserved 1048576K
}
Event: 4.239 GC heap before
{Heap before GC invocations=10 (full 0):
 garbage-first heap   total 60416K, used 28884K [0x00000000a2200000, 0x0000000100000000)
  region size 1024K, 14 young (14336K), 4 survivors (4096K)
 Metaspace       used 35491K, committed 35968K, reserved 1114112K
  class space    used 4259K, committed 4480K, reserved 1048576K
}
Event: 4.242 GC heap after
{Heap after GC invocations=11 (full 0):
 garbage-first heap   total 60416K, used 20428K [0x00000000a2200000, 0x0000000100000000)
  region size 1024K, 3 young (3072K), 3 survivors (3072K)
 Metaspace       used 35491K, committed 35968K, reserved 1114112K
  class space    used 4259K, committed 4480K, reserved 1048576K
}
Event: 4.817 GC heap before
{Heap before GC invocations=12 (full 0):
 garbage-first heap   total 60416K, used 52172K [0x00000000a2200000, 0x0000000100000000)
  region size 1024K, 34 young (34816K), 3 survivors (3072K)
 Metaspace       used 39876K, committed 40384K, reserved 1114112K
  class space    used 4822K, committed 5056K, reserved 1048576K
}
Event: 4.819 GC heap after
{Heap after GC invocations=13 (full 0):
 garbage-first heap   total 72704K, used 21504K [0x00000000a2200000, 0x0000000100000000)
  region size 1024K, 4 young (4096K), 4 survivors (4096K)
 Metaspace       used 39876K, committed 40384K, reserved 1114112K
  class space    used 4822K, committed 5056K, reserved 1048576K
}
Event: 5.209 GC heap before
{Heap before GC invocations=13 (full 0):
 garbage-first heap   total 72704K, used 60416K [0x00000000a2200000, 0x0000000100000000)
  region size 1024K, 42 young (43008K), 4 survivors (4096K)
 Metaspace       used 43484K, committed 44032K, reserved 1114112K
  class space    used 5390K, committed 5632K, reserved 1048576K
}
Event: 5.212 GC heap after
{Heap after GC invocations=14 (full 0):
 garbage-first heap   total 72704K, used 22349K [0x00000000a2200000, 0x0000000100000000)
  region size 1024K, 3 young (3072K), 3 survivors (3072K)
 Metaspace       used 43484K, committed 44032K, reserved 1114112K
  class space    used 5390K, committed 5632K, reserved 1048576K
}
Event: 5.683 GC heap before
{Heap before GC invocations=14 (full 0):
 garbage-first heap   total 72704K, used 61261K [0x00000000a2200000, 0x0000000100000000)
  region size 1024K, 42 young (43008K), 3 survivors (3072K)
 Metaspace       used 47439K, committed 48000K, reserved 1114112K
  class space    used 5964K, committed 6208K, reserved 1048576K
}
Event: 5.687 GC heap after
{Heap after GC invocations=15 (full 0):
 garbage-first heap   total 72704K, used 23210K [0x00000000a2200000, 0x0000000100000000)
  region size 1024K, 4 young (4096K), 4 survivors (4096K)
 Metaspace       used 47439K, committed 48000K, reserved 1114112K
  class space    used 5964K, committed 6208K, reserved 1048576K
}
Event: 6.058 GC heap before
{Heap before GC invocations=15 (full 0):
 garbage-first heap   total 72704K, used 61098K [0x00000000a2200000, 0x0000000100000000)
  region size 1024K, 42 young (43008K), 4 survivors (4096K)
 Metaspace       used 51834K, committed 52352K, reserved 1114112K
  class space    used 6600K, committed 6848K, reserved 1048576K
}
Event: 6.061 GC heap after
{Heap after GC invocations=16 (full 0):
 garbage-first heap   total 72704K, used 23815K [0x00000000a2200000, 0x0000000100000000)
  region size 1024K, 4 young (4096K), 4 survivors (4096K)
 Metaspace       used 51834K, committed 52352K, reserved 1114112K
  class space    used 6600K, committed 6848K, reserved 1048576K
}
Event: 6.665 GC heap before
{Heap before GC invocations=16 (full 0):
 garbage-first heap   total 72704K, used 62727K [0x00000000a2200000, 0x0000000100000000)
  region size 1024K, 42 young (43008K), 4 survivors (4096K)
 Metaspace       used 55032K, committed 55680K, reserved 1114112K
  class space    used 7004K, committed 7296K, reserved 1048576K
}
Event: 6.669 GC heap after
{Heap after GC invocations=17 (full 0):
 garbage-first heap   total 72704K, used 26137K [0x00000000a2200000, 0x0000000100000000)
  region size 1024K, 5 young (5120K), 5 survivors (5120K)
 Metaspace       used 55032K, committed 55680K, reserved 1114112K
  class space    used 7004K, committed 7296K, reserved 1048576K
}
Event: 159.888 GC heap before
{Heap before GC invocations=17 (full 0):
 garbage-first heap   total 72704K, used 60953K [0x00000000a2200000, 0x0000000100000000)
  region size 1024K, 40 young (40960K), 5 survivors (5120K)
 Metaspace       used 58495K, committed 59072K, reserved 1114112K
  class space    used 7407K, committed 7680K, reserved 1048576K
}
Event: 159.900 GC heap after
{Heap after GC invocations=18 (full 0):
 garbage-first heap   total 72704K, used 27671K [0x00000000a2200000, 0x0000000100000000)
  region size 1024K, 5 young (5120K), 5 survivors (5120K)
 Metaspace       used 58495K, committed 59072K, reserved 1114112K
  class space    used 7407K, committed 7680K, reserved 1048576K
}
Event: 381.388 GC heap before
{Heap before GC invocations=18 (full 0):
 garbage-first heap   total 72704K, used 39959K [0x00000000a2200000, 0x0000000100000000)
  region size 1024K, 18 young (18432K), 5 survivors (5120K)
 Metaspace       used 59492K, committed 60224K, reserved 1114112K
  class space    used 7524K, committed 7872K, reserved 1048576K
}
Event: 381.632 GC heap after
{Heap after GC invocations=19 (full 1):
 garbage-first heap   total 72704K, used 23351K [0x00000000a2200000, 0x0000000100000000)
  region size 1024K, 0 young (0K), 0 survivors (0K)
 Metaspace       used 59492K, committed 60224K, reserved 1114112K
  class space    used 7524K, committed 7872K, reserved 1048576K
}
Event: 543.267 GC heap before
{Heap before GC invocations=19 (full 1):
 garbage-first heap   total 72704K, used 62263K [0x00000000a2200000, 0x0000000100000000)
  region size 1024K, 39 young (39936K), 0 survivors (0K)
 Metaspace       used 59874K, committed 60608K, reserved 1114112K
  class space    used 7538K, committed 7872K, reserved 1048576K
}

